<?xml version="1.0" encoding="UTF-8"?>
<!-- Generated by org.testng.reporters.JUnitReportReporter -->
<testsuite hostname="LAPTOP-64P9DEGN" failures="0" tests="1" name="test.CardTest" time="0.001" errors="0" timestamp="2022-09-03T12:39:07 IST" skipped="0">
  <testcase classname="test.CardTest" name="CCTest" time="0.001"/>
  <system-out/>
</testsuite> <!-- test.CardTest -->
